<?xml version="1.0" encoding="UTF-8" ?>
<testsuites>
  <testsuite errors="0" failures="0" hostname="frangarciamac.local" id="0" name="PaymentControllerTests" package="com.secretescapes" tests="4" time="2.795" timestamp="2012-09-30T20:20:00">
      <properties />

      <testcase classname="com.secretescapes.PaymentControllerTests" name="test001DoPaymentAmountLessThanZero" time="2.468" />

      <testcase classname="com.secretescapes.PaymentControllerTests" name="test002DoPaymentAmountHigherThanCurrentBalance" time="0.064" />

      <testcase classname="com.secretescapes.PaymentControllerTests" name="test003DoPaymentOk" time="0.153" />

      <testcase classname="com.secretescapes.PaymentControllerTests" name="test004TransactionsOk" time="0.096" />

      <system-out><![CDATA[--Output from test001DoPaymentAmountLessThanZero--
--Output from test002DoPaymentAmountHigherThanCurrentBalance--
--Output from test003DoPaymentOk--
--Output from test004TransactionsOk--
]]></system-out>

      <system-err><![CDATA[--Output from test001DoPaymentAmountLessThanZero--
--Output from test002DoPaymentAmountHigherThanCurrentBalance--
--Output from test003DoPaymentOk--
--Output from test004TransactionsOk--
]]></system-err>

  </testsuite>
  <testsuite errors="0" failures="0" hostname="frangarciamac.local" id="1" name="PaymentServiceTests" package="com.secretescapes" tests="3" time="0.46" timestamp="2012-09-30T20:20:03">
      <properties />

      <testcase classname="com.secretescapes.PaymentServiceTests" name="test001TransferMoneyLessOrEqualsThanZero" time="0.275" />

      <testcase classname="com.secretescapes.PaymentServiceTests" name="test002TransferMoneyHigherThanCurrentBalanceSourceAccount" time="0.102" />

      <testcase classname="com.secretescapes.PaymentServiceTests" name="test003TransferMoneyOk" time="0.076" />

      <system-out><![CDATA[--Output from test001TransferMoneyLessOrEqualsThanZero--
--Output from test002TransferMoneyHigherThanCurrentBalanceSourceAccount--
--Output from test003TransferMoneyOk--
]]></system-out>

      <system-err><![CDATA[--Output from test001TransferMoneyLessOrEqualsThanZero--
--Output from test002TransferMoneyHigherThanCurrentBalanceSourceAccount--
--Output from test003TransferMoneyOk--
]]></system-err>

  </testsuite>
  <testsuite errors="0" failures="0" hostname="frangarciamac.local" id="2" name="AccountTests" package="com.secretescapes" tests="1" time="2.388" timestamp="2012-09-30T20:19:41">
      <properties />

      <testcase classname="com.secretescapes.AccountTests" name="testConstraints" time="2.309" />

      <system-out><![CDATA[--Output from testConstraints--
]]></system-out>

      <system-err><![CDATA[--Output from testConstraints--
]]></system-err>

  </testsuite>
  <testsuite errors="0" failures="0" hostname="frangarciamac.local" id="3" name="PaymentTests" package="com.secretescapes" tests="1" time="0.29" timestamp="2012-09-30T20:19:43">
      <properties />

      <testcase classname="com.secretescapes.PaymentTests" name="testConstraints" time="0.286" />

      <system-out><![CDATA[--Output from testConstraints--
]]></system-out>

      <system-err><![CDATA[--Output from testConstraints--
]]></system-err>

  </testsuite>
</testsuites>
